Log file open, 10/20/18 18:59:20
LogWindows: Failed to load 'aqProf.dll' (GetLastError=126)
LogWindows: File 'aqProf.dll' does not exist
LogWindows: Failed to load 'VSPerf140.dll' (GetLastError=126)
LogWindows: File 'VSPerf140.dll' does not exist
LogWindows: Failed to load 'VtuneApi.dll' (GetLastError=126)
LogWindows: File 'VtuneApi.dll' does not exist
LogWindows: Failed to load 'VtuneApi32e.dll' (GetLastError=126)
LogWindows: File 'VtuneApi32e.dll' does not exist
LogInit: Display: Running engine for game: VRMultiUserTemplate
LogPlatformFile: Not using cached read wrapper
LogTaskGraph: Started task graph with 5 named threads and 23 total threads with 3 sets of task threads.
LogStats: Stats thread started at 0.313718
LogD3D11RHI: Loaded GFSDK_Aftermath_Lib.x64.dll
LogICUInternationalization: Display: ICU TimeZone Detection - Raw Offset: -5:00, Platform Override: ''
LogPluginManager: Mounting plugin Paper2D
LogPluginManager: Mounting plugin AISupport
LogPluginManager: Mounting plugin LightPropagationVolume
LogPluginManager: Mounting plugin CLionSourceCodeAccess
LogPluginManager: Mounting plugin CodeLiteSourceCodeAccess
LogPluginManager: Mounting plugin GitSourceControl
LogPluginManager: Mounting plugin KDevelopSourceCodeAccess
LogPluginManager: Mounting plugin NullSourceCodeAccess
LogPluginManager: Mounting plugin PerforceSourceControl
LogPluginManager: Mounting plugin SubversionSourceControl
LogPluginManager: Mounting plugin UObjectPlugin
LogPluginManager: Mounting plugin VisualStudioCodeSourceCodeAccess
LogPluginManager: Mounting plugin VisualStudioSourceCodeAccess
LogPluginManager: Mounting plugin XCodeSourceCodeAccess
LogPluginManager: Mounting plugin AssetManagerEditor
LogPluginManager: Mounting plugin CryptoKeys
LogPluginManager: Mounting plugin DataValidation
LogPluginManager: Mounting plugin FacialAnimation
LogPluginManager: Mounting plugin GameplayTagsEditor
LogPluginManager: Mounting plugin MacGraphicsSwitching
LogPluginManager: Mounting plugin MeshEditor
LogPluginManager: Mounting plugin MobileLauncherProfileWizard
LogPluginManager: Mounting plugin PluginBrowser
LogPluginManager: Mounting plugin SpeedTreeImporter
LogPluginManager: Mounting plugin DatasmithContent
LogPluginManager: Mounting plugin AlembicImporter
LogPluginManager: Mounting plugin AppleImageUtils
LogPluginManager: Mounting plugin AppleVision
LogPluginManager: Mounting plugin BackChannel
LogPluginManager: Mounting plugin CharacterAI
LogPluginManager: Mounting plugin GeometryCache
LogPluginManager: Mounting plugin HTML5Networking
LogPluginManager: Mounting plugin ProxyLODPlugin
LogPluginManager: Mounting plugin MagicLeap
LogPluginManager: Mounting plugin MagicLeapEmulator
LogPluginManager: Mounting plugin MagicLeapMedia
LogPluginManager: Mounting plugin AndroidMedia
LogPluginManager: Mounting plugin AvfMedia
LogPluginManager: Mounting plugin ImgMedia
LogPluginManager: Mounting plugin LinearTimecode
LogPluginManager: Mounting plugin MediaCompositing
LogPluginManager: Mounting plugin MediaPlayerEditor
LogPluginManager: Mounting plugin WmfMedia
LogPluginManager: Mounting plugin TcpMessaging
LogPluginManager: Mounting plugin UdpMessaging
LogPluginManager: Mounting plugin ActorSequence
LogPluginManager: Mounting plugin LevelSequenceEditor
LogPluginManager: Mounting plugin MatineeToLevelSequence
LogPluginManager: Mounting plugin NetcodeUnitTest
LogPluginManager: Mounting plugin NUTUnrealEngine4
LogPluginManager: Mounting plugin OnlineSubsystemGooglePlay
LogPluginManager: Mounting plugin OnlineSubsystemIOS
LogPluginManager: Mounting plugin OnlineSubsystem
LogPluginManager: Mounting plugin OnlineSubsystemNull
LogPluginManager: Mounting plugin OnlineSubsystemUtils
LogPluginManager: Mounting plugin LauncherChunkInstaller
LogPluginManager: Mounting plugin AndroidDeviceProfileSelector
LogPluginManager: Mounting plugin AndroidMoviePlayer
LogPluginManager: Mounting plugin AndroidPermission
LogPluginManager: Mounting plugin AppleMoviePlayer
LogPluginManager: Mounting plugin ArchVisCharacter
LogPluginManager: Mounting plugin AudioCapture
LogPluginManager: Mounting plugin CableComponent
LogPluginManager: Mounting plugin CustomMeshComponent
LogPluginManager: Mounting plugin EditableMesh
LogPluginManager: Mounting plugin ExampleDeviceProfileSelector
LogPluginManager: Mounting plugin GoogleCloudMessaging
LogPluginManager: Mounting plugin ImmediatePhysics
LogPluginManager: Mounting plugin IOSDeviceProfileSelector
LogPluginManager: Mounting plugin LinuxDeviceProfileSelector
LogPluginManager: Mounting plugin LocationServicesBPLibrary
LogPluginManager: Mounting plugin MobilePatchingUtils
LogPluginManager: Mounting plugin OculusVR
LogPluginManager: Plugin shader directory ../../../Engine/Plugins/Runtime/Oculus/OculusVR/Shaders found
LogPluginManager: Mapping shader source directory ../../../Engine/Plugins/Runtime/Oculus/OculusVR/Shaders to virtual directory /Plugin/OculusVR
LogPluginManager: Mounting plugin PhysXVehicles
LogPluginManager: Mounting plugin ProceduralMeshComponent
LogPluginManager: Mounting plugin RuntimePhysXCooking
LogPluginManager: Mounting plugin SteamVR
LogPluginManager: Mounting plugin WindowsMoviePlayer
LogStreaming: Display: Took  0.141s to configure plugins.
LogInit: Using libcurl 7.55.1-DEV
LogInit:  - built for x86_64-pc-win32
LogInit:  - supports SSL with OpenSSL/1.0.2h
LogInit:  - supports HTTP deflate (compression) using libz 1.2.8
LogInit:  - other features:
LogInit:      CURL_VERSION_SSL
LogInit:      CURL_VERSION_LIBZ
LogInit:      CURL_VERSION_IPV6
LogInit:      CURL_VERSION_ASYNCHDNS
LogInit:      CURL_VERSION_LARGEFILE
LogInit:      CURL_VERSION_IDN
LogInit:  CurlRequestOptions (configurable via config and command line):
LogInit:  - bVerifyPeer = false  - Libcurl will NOT verify peer certificate
LogInit:  - bUseHttpProxy = false  - Libcurl will NOT use HTTP proxy
LogInit:  - bDontReuseConnections = false  - Libcurl will reuse connections
LogInit:  - CertBundlePath = nullptr  - Libcurl will use whatever was configured at build time.
LogInit:  - MaxHostConnections = 16  - Libcurl will limit the number of connections to a host
LogInit:  - LocalHostAddr = Default
LogInit:  - BufferSize = 65536
LogInit: WinSock: version 1.1 (2.2), MaxSocks=32767, MaxUdp=65467
LogHMD: Failed initializing OVRPlugin 1.25.0
LogInit: Build: ++UE4+Release-4.20-CL-4369336
LogInit: Engine Version: 4.20.3-4369336+++UE4+Release-4.20
LogInit: Compatible Engine Version: 4.20.0-4212847+++UE4+Release-4.20
LogInit: Net CL: 4212847
LogInit: OS: Windows 10 (), CPU: Intel(R) Core(TM) i7-6820HK CPU @ 2.70GHz, GPU: NVIDIA GeForce GTX 1070
LogInit: Compiled (64-bit): Sep 17 2018 12:26:19
LogInit: Compiled with Visual C++: 19.13.26129.00
LogInit: Build Configuration: Development
LogInit: Branch Name: ++UE4+Release-4.20
LogInit: Command Line:  -game
LogInit: Base Directory: C:/Program Files/Epic Games/UE_4.20/Engine/Binaries/Win64/
LogInit: Installed Engine Build: 1
LogDevObjectVersion: Number of dev versions registered: 20
LogDevObjectVersion:   Dev-Blueprints (B0D832E4-1F89-4F0D-ACCF-7EB736FD4AA2): 10
LogDevObjectVersion:   Dev-Build (E1C64328-A22C-4D53-A36C-8E866417BD8C): 0
LogDevObjectVersion:   Dev-Core (375EC13C-06E4-48FB-B500-84F0262A717E): 2
LogDevObjectVersion:   Dev-Editor (E4B068ED-F494-42E9-A231-DA0B2E46BB41): 24
LogDevObjectVersion:   Dev-Framework (CFFC743F-43B0-4480-9391-14DF171D2073): 34
LogDevObjectVersion:   Dev-Mobile (B02B49B5-BB20-44E9-A304-32B752E40360): 2
LogDevObjectVersion:   Dev-Networking (A4E4105C-59A1-49B5-A7C5-40C4547EDFEE): 0
LogDevObjectVersion:   Dev-Online (39C831C9-5AE6-47DC-9A44-9C173E1C8E7C): 0
LogDevObjectVersion:   Dev-Physics (78F01B33-EBEA-4F98-B9B4-84EACCB95AA2): 0
LogDevObjectVersion:   Dev-Platform (6631380F-2D4D-43E0-8009-CF276956A95A): 0
LogDevObjectVersion:   Dev-Rendering (12F88B9F-8875-4AFC-A67C-D90C383ABD29): 26
LogDevObjectVersion:   Dev-Sequencer (7B5AE74C-D270-4C10-A958-57980B212A5A): 9
LogDevObjectVersion:   Dev-VR (D7296918-1DD6-4BDD-9DE2-64A83CC13884): 2
LogDevObjectVersion:   Dev-LoadTimes (C2A15278-BFE7-4AFE-6C17-90FF531DF755): 1
LogDevObjectVersion:   Private-Geometry (6EACA3D4-40EC-4CC1-B786-8BED09428FC5): 3
LogDevObjectVersion:   Dev-AnimPhys (29E575DD-E0A3-4627-9D10-D276232CDCEA): 17
LogDevObjectVersion:   Dev-ReflectionCapture (6B266CEC-1EC7-4B8F-A30B-E4D90942FC07): 1
LogDevObjectVersion:   Dev-Automation (0DF73D61-A23F-47EA-B727-89E90C41499A): 1
LogDevObjectVersion:   FortniteMain (601D1886-AC64-4F84-AA16-D3DE0DEAC7D6): 12
LogDevObjectVersion:   Dev-Enterprise (9DFFBCD6-494F-0158-E221-12823C92A888): 1
LogStreaming: Display: Took  0.004s to delete old logs.
LogInit: Presizing for max 8388607 objects, including 0 objects not considered by GC, pre-allocating 0 bytes for permanent pool.
LogInit: Object subsystem initialized
[2018.10.20-22.59.21:314][  0]LogInit: Selected Device Profile: [Windows]
[2018.10.20-22.59.21:314][  0]LogInit: Applying CVar settings loaded from the selected device profile: [Windows]
[2018.10.20-22.59.21:334][  0]LogHAL: Display: Platform has ~ 32 GB [34312249344 / 34359738368 / 32], which maps to Largest [LargestMinGB=32, LargerMinGB=12, DefaultMinGB=8, SmallerMinGB=6, SmallestMinGB=0)
[2018.10.20-22.59.21:334][  0]LogInit: Setting Device Profile CVar: [[r.Vulkan.UseRealUBs:1]]
[2018.10.20-22.59.21:334][  0]LogInit: Going up to parent DeviceProfile []
[2018.10.20-22.59.21:334][  0]LogInit: Computer: DESKTOP-640KAOR
[2018.10.20-22.59.21:334][  0]LogInit: User: mckre
[2018.10.20-22.59.21:334][  0]LogInit: CPU Page size=4096, Cores=4
[2018.10.20-22.59.21:334][  0]LogInit: High frequency timer resolution =2.648439 MHz
[2018.10.20-22.59.21:335][  0]LogMemory: Memory total: Physical=32.0GB (32GB approx)
[2018.10.20-22.59.21:335][  0]LogMemory: Platform Memory Stats for Windows
[2018.10.20-22.59.21:335][  0]LogMemory: Process Physical Memory: 103.51 MB used, 103.51 MB peak
[2018.10.20-22.59.21:335][  0]LogMemory: Process Virtual Memory: 92.66 MB used, 92.66 MB peak
[2018.10.20-22.59.21:335][  0]LogMemory: Physical Memory: 10991.98 MB used,  21730.73 MB free, 32722.71 MB total
[2018.10.20-22.59.21:335][  0]LogMemory: Virtual Memory: 4653.45 MB used,  21730.73 MB free, 134217728.00 MB total
[2018.10.20-22.59.21:365][  0]LogInit: Using OS detected language (en-US).
[2018.10.20-22.59.21:365][  0]LogInit: Using OS detected locale (en-US).
[2018.10.20-22.59.21:366][  0]LogTextLocalizationManager: No specific localization for 'en-US' exists, so the 'en' localization will be used.
[2018.10.20-22.59.21:861][  0]LogStreaming: Display: Took  0.496s to InitEngineTextLocalization.
[2018.10.20-22.59.21:902][  0]LogSlate: New Slate User Created.  User Index 0, Is Virtual User: 0
[2018.10.20-22.59.21:902][  0]LogSlate: Slate User Registered.  User Index 0, Is Virtual User: 0
[2018.10.20-22.59.26:561][  0]LogD3D11RHI: D3D11 adapters:
[2018.10.20-22.59.26:653][  0]LogD3D11RHI:    0. 'NVIDIA GeForce GTX 1070' (Feature Level 11_0)
[2018.10.20-22.59.26:653][  0]LogD3D11RHI:       8081/0/16361 MB DedicatedVideo/DedicatedSystem/SharedSystem, Outputs:1, VendorId:0x10de
[2018.10.20-22.59.26:656][  0]LogD3D11RHI:    1. 'Microsoft Basic Render Driver' (Feature Level 11_0)
[2018.10.20-22.59.26:656][  0]LogD3D11RHI:       0/0/16361 MB DedicatedVideo/DedicatedSystem/SharedSystem, Outputs:0, VendorId:0x1414
[2018.10.20-22.59.26:656][  0]LogD3D11RHI: Chosen D3D11 Adapter: 0
[2018.10.20-22.59.26:664][  0]LogD3D11RHI: Creating new Direct3DDevice
[2018.10.20-22.59.26:664][  0]LogD3D11RHI:     GPU DeviceId: 0x1be1 (for the marketing name, search the web for "GPU Device Id")
[2018.10.20-22.59.26:664][  0]LogWindows: EnumDisplayDevices:
[2018.10.20-22.59.26:664][  0]LogWindows:    0. 'NVIDIA GeForce GTX 1070' (P:1 D:1)
[2018.10.20-22.59.26:665][  0]LogWindows:    1. 'NVIDIA GeForce GTX 1070' (P:0 D:0)
[2018.10.20-22.59.26:665][  0]LogWindows:    2. 'NVIDIA GeForce GTX 1070' (P:0 D:0)
[2018.10.20-22.59.26:666][  0]LogWindows:    3. 'NVIDIA GeForce GTX 1070' (P:0 D:0)
[2018.10.20-22.59.26:666][  0]LogWindows: DebugString: FoundDriverCount:4 
[2018.10.20-22.59.26:666][  0]LogD3D11RHI:     Adapter Name: NVIDIA GeForce GTX 1070
[2018.10.20-22.59.26:666][  0]LogD3D11RHI:   Driver Version: 416.34 (internal:25.21.14.1634, unified:416.34)
[2018.10.20-22.59.26:666][  0]LogD3D11RHI:      Driver Date: 10-10-2018
[2018.10.20-22.59.26:666][  0]LogRHI: Texture pool is 5656 MB (70% of 8081 MB)
[2018.10.20-22.59.26:724][  0]LogD3D11RHI: Async texture creation enabled
[2018.10.20-22.59.26:743][  0]LogD3D11RHI: GPU Timing Frequency: 1000.000000 (Debug: 2 2)
[2018.10.20-22.59.26:787][  0]LogShaderCompilers: Guid format shader working directory is -43 characters bigger than the processId version (../../../../../../Users/mckre/Documents/GitHub/VRMultiplayerTemplate/VRMultiUserTemplate/Intermediate/Shaders/WorkingDirectory/14044/).
[2018.10.20-22.59.26:787][  0]LogShaderCompilers: Cleaned the shader compiler working directory 'C:/Users/mckre/AppData/Local/Temp/UnrealShaderWorkingDir/41A8EE844407D9AD69C438A14D7F117C/'.
[2018.10.20-22.59.27:160][  0]LogTemp: Display: Loaded TP WindowsClientTargetPlatform
[2018.10.20-22.59.27:183][  0]LogTemp: Display: Loaded TP WindowsNoEditorTargetPlatform
[2018.10.20-22.59.27:202][  0]LogTemp: Display: Loaded TP WindowsServerTargetPlatform
[2018.10.20-22.59.27:220][  0]LogTemp: Display: Loaded TP WindowsTargetPlatform
[2018.10.20-22.59.27:220][  0]LogTargetPlatformManager: Display: Building Assets For Windows
[2018.10.20-22.59.27:297][  0]LogXGEController: Cannot use XGE Controller as Incredibuild is not installed on this machine.
[2018.10.20-22.59.27:297][  0]LogShaderCompilers: Cannot use XGE Shader Compiler as Incredibuild is not installed on this machine.
[2018.10.20-22.59.27:297][  0]LogShaderCompilers: Display: Using Local Shader Compiler.
[2018.10.20-22.59.28:218][  0]LogDerivedDataCache: Display: Max Cache Size: 512 MB
[2018.10.20-22.59.28:285][  0]LogDerivedDataCache: Loaded boot cache 0.07s 72MB C:/Users/mckre/AppData/Local/UnrealEngine/4.20/DerivedDataCache/Boot.ddc.
[2018.10.20-22.59.28:285][  0]LogDerivedDataCache: Display: Loaded Boot cache: C:/Users/mckre/AppData/Local/UnrealEngine/4.20/DerivedDataCache/Boot.ddc
[2018.10.20-22.59.28:285][  0]LogDerivedDataCache: FDerivedDataBackendGraph:  Pak pak cache file ../../../../../../Users/mckre/Documents/GitHub/VRMultiplayerTemplate/VRMultiUserTemplate/DerivedDataCache/DDC.ddp not found, will not use a pak cache.
[2018.10.20-22.59.28:285][  0]LogDerivedDataCache: Unable to find inner node Pak for hierarchical cache Hierarchy.
[2018.10.20-22.59.28:285][  0]LogDerivedDataCache: FDerivedDataBackendGraph:  CompressedPak pak cache file ../../../../../../Users/mckre/Documents/GitHub/VRMultiplayerTemplate/VRMultiUserTemplate/DerivedDataCache/Compressed.ddp not found, will not use a pak cache.
[2018.10.20-22.59.28:285][  0]LogDerivedDataCache: Unable to find inner node CompressedPak for hierarchical cache Hierarchy.
[2018.10.20-22.59.28:302][  0]LogDerivedDataCache: Display: Pak cache opened for reading ../../../Engine/DerivedDataCache/Compressed.ddp.
[2018.10.20-22.59.28:314][  0]LogDerivedDataCache: Using Local data cache path C:/Users/mckre/AppData/Local/UnrealEngine/Common/DerivedDataCache: Writable
[2018.10.20-22.59.28:314][  0]LogDerivedDataCache: Shared data cache path not found in *engine.ini, will not use an Shared cache.
[2018.10.20-22.59.28:314][  0]LogDerivedDataCache: Unable to find inner node Shared for hierarchical cache Hierarchy.
[2018.10.20-22.59.28:337][  0]LogMaterial: Verifying Global Shaders for PCD3D_SM5
[2018.10.20-22.59.28:338][  0]LogSlate: Using FreeType 2.6.0
[2018.10.20-22.59.28:339][  0]LogSlate: SlateFontServices - WITH_FREETYPE: 1, WITH_HARFBUZZ: 1
[2018.10.20-22.59.28:394][  0]LogInit: Using OS detected language (en-US).
[2018.10.20-22.59.28:394][  0]LogInit: Using OS detected locale (en-US).
[2018.10.20-22.59.28:394][  0]LogTextLocalizationManager: No localization for 'en-US' exists, so 'en' will be used for the language.
[2018.10.20-22.59.28:394][  0]LogTextLocalizationManager: No localization for 'en-US' exists, so 'en' will be used for the locale.
[2018.10.20-22.59.28:752][  0]LogStreaming: Display: Took  0.357s to InitGameTextLocalization.
[2018.10.20-22.59.28:762][  0]LogAssetRegistry: FAssetRegistry took 0.0062 seconds to start up
[2018.10.20-22.59.29:040][  0]LogPackageLocalizationCache: Processed 11 localized package path(s) for 1 prioritized culture(s) in 0.055763 seconds
[2018.10.20-22.59.29:171][  0]LogInit: Selected Device Profile: [Windows]
[2018.10.20-22.59.29:323][  0]LogSimplygon: Simplygon DLL not present - disabling.
[2018.10.20-22.59.29:327][  0]LogMeshReduction: Using SimplygonSwarm for distributed automatic mesh merging
[2018.10.20-22.59.29:327][  0]LogMeshReduction: Using ProxyLODMeshReduction for automatic mesh merging
[2018.10.20-22.59.29:327][  0]LogMeshReduction: Using QuadricMeshReduction for automatic static mesh reduction
[2018.10.20-22.59.29:327][  0]LogMeshReduction: No automatic skeletal mesh reduction module available
[2018.10.20-22.59.29:344][  0]LogNetVersion: VRMultiUserTemplate 1.0.0, NetCL: 4212847, EngineNetVer: 5, GameNetVer: 0 (Checksum: 770981243)
[2018.10.20-22.59.29:936][  0]LogMoviePlayer: Initializing movie player
[2018.10.20-22.59.30:184][  0]SourceControl: Source control is disabled
[2018.10.20-22.59.30:184][  0]SourceControl: Source control is disabled
[2018.10.20-22.59.30:185][  0]SourceControl: Source control is disabled
[2018.10.20-22.59.30:316][  0]LogAndroidPermission: UAndroidPermissionCallbackProxy::GetInstance
[2018.10.20-22.59.30:454][  0]LogOcInput: OculusInput pre-init called
[2018.10.20-22.59.30:465][  0]LogUObjectArray: 42168 objects as part of root set at end of initial load.
[2018.10.20-22.59.30:465][  0]LogUObjectAllocator: 7432352 out of 0 bytes used by permanent object pool.
[2018.10.20-22.59.30:465][  0]LogUObjectArray: CloseDisregardForGC: 0/0 objects in disregard for GC pool
[2018.10.20-22.59.30:528][  0]LogEngine: Initializing Engine...
[2018.10.20-22.59.30:598][  0]LogHMD: SteamVR initialized.  Driver: lighthouse  Display: LHR-6B6F584B
[2018.10.20-22.59.30:610][  0]LogStats: UGameplayTagsManager::ConstructGameplayTagTree: ImportINI prefixes -  0.000 s
[2018.10.20-22.59.30:610][  0]LogStats: UGameplayTagsManager::ConstructGameplayTagTree: Construct from data asset -  0.000 s
[2018.10.20-22.59.30:611][  0]LogStats: UGameplayTagsManager::ConstructGameplayTagTree: ImportINI -  0.000 s
[2018.10.20-22.59.30:611][  0]LogStats: UGameplayTagsManager::ConstructGameplayTagTree: GameplayTagTreeChangedEvent.Broadcast -  0.000 s
[2018.10.20-22.59.30:814][  0]LogInit: Initializing FReadOnlyCVARCache
[2018.10.20-22.59.30:866][  0]LogInit: XAudio2 using 'Speakers (4- HTC Vive)' : 2 channels at 44.1 kHz using 16 bits per sample (channel mask 0x3)
[2018.10.20-22.59.30:886][  0]LogInit: FAudioDevice initialized.
[2018.10.20-22.59.30:897][  0]LogNetVersion: Set ProjectVersion to 1.0.0.0. Version Checksum will be recalculated on next use.
[2018.10.20-22.59.30:963][  0]LogDerivedDataCache: Saved boot cache 0.07s 72MB C:/Users/mckre/AppData/Local/UnrealEngine/4.20/DerivedDataCache/Boot.ddc.
[2018.10.20-22.59.30:976][  0]LogInit: Texture streaming: Enabled
[2018.10.20-22.59.31:143][  0]LogConsoleManager: Warning: Setting the console variable 'r.VSync' with 'SetByGameSetting' was ignored as it is lower priority than the previous 'SetByCode'. Value remains '0'
[2018.10.20-22.59.31:312][  0]LogSlate: Updating window title bar state: overlay mode, drag disabled, window buttons hidden, title bar hidden
[2018.10.20-22.59.31:312][  0]LogInit: Display: Game Engine Initialized.
[2018.10.20-22.59.31:312][  0]LogGameplayTags: Display: UGameplayTagsManager::DoneAddingNativeTags. DelegateIsBound: 0
[2018.10.20-22.59.31:312][  0]LogStats: UGameplayTagsManager::ConstructGameplayTagTree: ImportINI prefixes -  0.000 s
[2018.10.20-22.59.31:312][  0]LogStats: UGameplayTagsManager::ConstructGameplayTagTree: Construct from data asset -  0.000 s
[2018.10.20-22.59.31:312][  0]LogStats: UGameplayTagsManager::ConstructGameplayTagTree: ImportINI -  0.000 s
[2018.10.20-22.59.31:312][  0]LogStats: UGameplayTagsManager::ConstructGameplayTagTree: GameplayTagTreeChangedEvent.Broadcast -  0.000 s
[2018.10.20-22.59.31:328][  0]LogInit: Display: Starting Game.
[2018.10.20-22.59.31:328][  0]LogNet: Browse: /Game/VirtualRealityBP/Maps/MultiUser_StartupMap?Name=Player
[2018.10.20-22.59.31:329][  0]LogLoad: LoadMap: /Game/VirtualRealityBP/Maps/MultiUser_StartupMap?Name=Player
[2018.10.20-22.59.31:743][  0]LogAIModule: Creating AISystem for world MultiUser_StartupMap
[2018.10.20-22.59.31:743][  0]LogLoad: Game class is 'VR_GameMode_C'
[2018.10.20-22.59.31:747][  0]LogWorld: Bringing World /Game/VirtualRealityBP/Maps/MultiUser_StartupMap.MultiUser_StartupMap up for play (max tick rate 0) at 2018.10.20-18.59.31
[2018.10.20-22.59.31:747][  0]LogWorld: Bringing up level for play took: 0.003161
[2018.10.20-22.59.31:748][  0]LogGameMode: FindPlayerStart: PATHS NOT DEFINED or NO PLAYERSTART with positive rating
[2018.10.20-22.59.31:751][  0]LogBlueprintUserMessages: [VR_GameMode_C_0] Hello Server
[2018.10.20-22.59.31:752][  0]LogGameMode: Display: Match State Changed from EnteringMap to WaitingToStart
[2018.10.20-22.59.31:752][  0]LogGameState: Match State Changed from EnteringMap to WaitingToStart
[2018.10.20-22.59.31:752][  0]LogGameMode: Display: Match State Changed from WaitingToStart to InProgress
[2018.10.20-22.59.31:755][  0]LogSlate: New Slate User Created.  User Index 8, Is Virtual User: 1
[2018.10.20-22.59.31:755][  0]LogSlate: Slate User Registered.  User Index 8, Is Virtual User: 1
[2018.10.20-22.59.31:760][  0]LogGameState: Match State Changed from WaitingToStart to InProgress
[2018.10.20-22.59.31:760][  0]LogLoad: Took 0.432208 seconds to LoadMap(/Game/VirtualRealityBP/Maps/MultiUser_StartupMap)
[2018.10.20-22.59.31:830][  0]LogRenderer: Reallocating scene render targets to support 1280x720 Format 26 NumSamples 1 (Frame:1).
[2018.10.20-22.59.31:830][  0]LogLoad: (Engine Initialization) Total time: 13.16 seconds
[2018.10.20-22.59.31:830][  0]LogLoad: (Engine Initialization) Total Blueprint compile time: 0.00 seconds
[2018.10.20-22.59.31:848][  0]LogWindowsTextInputMethodSystem: Display: IME system now deactivated.
[2018.10.20-22.59.31:902][  0]LogRenderer: Reallocating scene render targets to support 2160x1200 Format 26 NumSamples 1 (Frame:2).
[2018.10.20-22.59.31:971][  0]LogContentStreaming: Texture pool size now 1000 MB
[2018.10.20-22.59.31:975][  1]LogRenderer: Reallocating scene render targets to support 3480x1932 Format 26 NumSamples 1 (Frame:3).
[2018.10.20-22.59.38:286][555]LogInit: WinSock: I am DESKTOP-640KAOR (129.82.30.176:0)
[2018.10.20-22.59.38:390][555]LogPackageName: SearchForPackageOnDisk took   0.103s to resolve MultiUser_Map.umap.
[2018.10.20-22.59.38:397][556]LogGameMode: Display: Match State Changed from InProgress to LeavingMap
[2018.10.20-22.59.38:397][556]LogGameState: Match State Changed from InProgress to LeavingMap
[2018.10.20-22.59.38:496][556]LogPackageName: SearchForPackageOnDisk took   0.099s to resolve MultiUser_Map.umap.
[2018.10.20-22.59.38:496][556]LogNet: Browse: /Game/VirtualRealityBP/Maps/MultiUser_Map?listen
[2018.10.20-22.59.38:497][556]LogLoad: LoadMap: /Game/VirtualRealityBP/Maps/MultiUser_Map?listen
[2018.10.20-22.59.38:538][556]LogSlate: Slate User Unregistered.  User Index 8
[2018.10.20-22.59.38:538][556]LogSlate: Slate User Destroyed.  User Index 8, Is Virtual User: 1
[2018.10.20-22.59.38:989][556]LogAIModule: Creating AISystem for world MultiUser_Map
[2018.10.20-22.59.38:989][556]LogLoad: Game class is 'VR_GameMode_C'
[2018.10.20-22.59.38:989][556]LogTemp: Display: ParseSettings for GameNetDriver
[2018.10.20-22.59.38:989][556]LogTemp: Display: ParseSettings for IpNetDriver_0
[2018.10.20-22.59.38:990][556]LogTemp: Display: ParseSettings for GameNetDriver
[2018.10.20-22.59.38:990][556]LogNet: ReplicationDriverClass is null! Not using ReplicationDriver.
[2018.10.20-22.59.38:990][556]LogInit: WinSock: Socket queue 131072 / 131072
[2018.10.20-22.59.38:990][556]PacketHandlerLog: Loaded PacketHandler component: Engine.EngineHandlerComponentFactory (StatelessConnectHandlerComponent)
[2018.10.20-22.59.38:990][556]LogNet: GameNetDriver IpNetDriver_0 IpNetDriver listening on port 7777
[2018.10.20-22.59.38:994][556]LogWorld: Bringing World /Game/VirtualRealityBP/Maps/MultiUser_Map.MultiUser_Map up for play (max tick rate 0) at 2018.10.20-18.59.38
[2018.10.20-22.59.38:995][556]LogWorld: Bringing up level for play took: 0.003678
[2018.10.20-22.59.38:997][556]LogBlueprintUserMessages: [VR_GameMode_C_0] Hello Server
[2018.10.20-22.59.38:997][556]LogGameMode: Display: Match State Changed from EnteringMap to WaitingToStart
[2018.10.20-22.59.38:997][556]LogGameState: Match State Changed from EnteringMap to WaitingToStart
[2018.10.20-22.59.38:997][556]LogGameMode: Display: Match State Changed from WaitingToStart to InProgress
[2018.10.20-22.59.39:000][556]LogSlate: New Slate User Created.  User Index 8, Is Virtual User: 1
[2018.10.20-22.59.39:000][556]LogSlate: Slate User Registered.  User Index 8, Is Virtual User: 1
[2018.10.20-22.59.39:002][556]LogGameState: Match State Changed from WaitingToStart to InProgress
[2018.10.20-22.59.39:003][556]LogLoad: Took 0.505943 seconds to LoadMap(/Game/VirtualRealityBP/Maps/MultiUser_Map)
[2018.10.20-22.59.48:883][431]LogRenderer: Reallocating scene render targets to support 1280x720 Format 26 NumSamples 1 (Frame:876).
[2018.10.20-22.59.52:831][674]LogWindows: FPlatformMisc::RequestExit(0)
[2018.10.20-22.59.52:844][675]LogNet: World NetDriver shutdown IpNetDriver_0 [GameNetDriver]
[2018.10.20-22.59.52:844][675]LogNet: DestroyNamedNetDriver IpNetDriver_0 [GameNetDriver]
[2018.10.20-22.59.52:844][675]LogExit: GameNetDriver IpNetDriver_0 shut down
[2018.10.20-22.59.53:645][675]LogSlate: Window 'VRMultiUserTemplate (64-bit Development PCD3D_SM5) ' being destroyed
[2018.10.20-22.59.53:645][675]LogWindowsTextInputMethodSystem: Display: IME system now deactivated.
[2018.10.20-22.59.53:661][675]LogExit: Preparing to exit.
[2018.10.20-22.59.53:661][675]LogMoviePlayer: Shutting down movie player
[2018.10.20-22.59.53:682][675]LogSlate: Updating window title bar state: overlay mode, drag disabled, window buttons hidden, title bar hidden
[2018.10.20-22.59.53:699][675]LogExit: Game engine shut down
[2018.10.20-22.59.53:863][675]LogExit: Object subsystem successfully closed.
[2018.10.20-22.59.53:878][675]LogShaderCompilers: Display: Shaders left to compile 0
[2018.10.20-22.59.53:882][675]LogD3D11RHI: Shutdown
[2018.10.20-22.59.53:882][675]LogD3D11RHI: CleanupD3DDevice
[2018.10.20-22.59.53:885][675]LogD3D11RHI: ~FD3D11DynamicRHI
[2018.10.20-22.59.53:904][675]LogModuleManager: Shutting down and abandoning module SequenceRecorderSections (376)
[2018.10.20-22.59.53:904][675]LogModuleManager: Shutting down and abandoning module SequenceRecorder (374)
[2018.10.20-22.59.53:904][675]LogModuleManager: Shutting down and abandoning module AutomationController (372)
[2018.10.20-22.59.53:904][675]LogModuleManager: Shutting down and abandoning module AutomationWorker (370)
[2018.10.20-22.59.53:904][675]LogModuleManager: Shutting down and abandoning module Voice (368)
[2018.10.20-22.59.53:904][675]LogModuleManager: Shutting down and abandoning module AIModule (366)
[2018.10.20-22.59.53:904][675]LogModuleManager: Shutting down and abandoning module GameplayDebugger (365)
[2018.10.20-22.59.53:904][675]LogModuleManager: Shutting down and abandoning module AITestSuite (363)
[2018.10.20-22.59.53:904][675]LogModuleManager: Shutting down and abandoning module NavigationSystem (361)
[2018.10.20-22.59.53:904][675]LogModuleManager: Shutting down and abandoning module WmfMediaFactory (358)
[2018.10.20-22.59.53:904][675]LogModuleManager: Shutting down and abandoning module OpenExrWrapper (356)
[2018.10.20-22.59.53:904][675]LogModuleManager: Shutting down and abandoning module ImgMediaFactory (354)
[2018.10.20-22.59.53:904][675]LogModuleManager: Shutting down and abandoning module AvfMediaFactory (352)
[2018.10.20-22.59.53:904][675]LogModuleManager: Shutting down and abandoning module MagicLeapCameraPreviewFactory (350)
[2018.10.20-22.59.53:904][675]LogModuleManager: Shutting down and abandoning module MagicLeapMediaFactory (348)
[2018.10.20-22.59.53:904][675]LogModuleManager: Shutting down and abandoning module CharacterAI (346)
[2018.10.20-22.59.53:904][675]LogModuleManager: Shutting down and abandoning module SessionServices (344)
[2018.10.20-22.59.53:904][675]LogModuleManager: Shutting down and abandoning module MovieSceneCapture (342)
[2018.10.20-22.59.53:904][675]LogModuleManager: Shutting down and abandoning module MovieSceneTracks (340)
[2018.10.20-22.59.53:904][675]LogModuleManager: Shutting down and abandoning module MovieScene (338)
[2018.10.20-22.59.53:904][675]LogModuleManager: Shutting down and abandoning module StreamingPauseRendering (336)
[2018.10.20-22.59.53:904][675]LogModuleManager: Shutting down and abandoning module PortalServices (334)
[2018.10.20-22.59.53:904][675]LogModuleManager: Shutting down and abandoning module PortalRpc (332)
[2018.10.20-22.59.53:904][675]LogModuleManager: Shutting down and abandoning module MessagingRpc (330)
[2018.10.20-22.59.53:904][675]LogModuleManager: Shutting down and abandoning module ProfilerService (328)
[2018.10.20-22.59.54:012][675]LogModuleManager: Shutting down and abandoning module TaskGraph (326)
[2018.10.20-22.59.54:012][675]LogModuleManager: Shutting down and abandoning module SteamVRController (324)
[2018.10.20-22.59.54:012][675]LogModuleManager: Shutting down and abandoning module ProceduralMeshComponent (322)
[2018.10.20-22.59.54:012][675]LogModuleManager: Shutting down and abandoning module OculusInput (320)
[2018.10.20-22.59.54:012][675]LogModuleManager: Shutting down and abandoning module MobilePatchingUtils (318)
[2018.10.20-22.59.54:012][675]LogModuleManager: Shutting down and abandoning module EditableMesh (316)
[2018.10.20-22.59.54:012][675]LogModuleManager: Shutting down and abandoning module CustomMeshComponent (314)
[2018.10.20-22.59.54:012][675]LogModuleManager: Shutting down and abandoning module CableComponent (312)
[2018.10.20-22.59.54:012][675]LogModuleManager: Shutting down and abandoning module AudioCapture (310)
[2018.10.20-22.59.54:012][675]LogModuleManager: Shutting down and abandoning module ArchVisCharacter (308)
[2018.10.20-22.59.54:012][675]LogModuleManager: Shutting down and abandoning module AndroidPermission (306)
[2018.10.20-22.59.54:012][675]LogModuleManager: Shutting down and abandoning module NUTUnrealEngine4 (304)
[2018.10.20-22.59.54:012][675]LogModuleManager: Shutting down and abandoning module NetcodeUnitTest (302)
[2018.10.20-22.59.54:012][675]LogModuleManager: Shutting down and abandoning module MediaCompositing (300)
[2018.10.20-22.59.54:012][675]LogModuleManager: Shutting down and abandoning module LinearTimecode (298)
[2018.10.20-22.59.54:013][675]LogModuleManager: Shutting down and abandoning module ImgMedia (296)
[2018.10.20-22.59.54:015][675]LogModuleManager: Shutting down and abandoning module HTML5Networking (294)
[2018.10.20-22.59.54:015][675]LogModuleManager: Shutting down and abandoning module GeometryCacheTracks (292)
[2018.10.20-22.59.54:015][675]LogModuleManager: Shutting down and abandoning module GeometryCacheSequencer (291)
[2018.10.20-22.59.54:015][675]LogModuleManager: Shutting down and abandoning module GeometryCache (288)
[2018.10.20-22.59.54:015][675]LogModuleManager: Shutting down and abandoning module GeometryCacheEd (287)
[2018.10.20-22.59.54:015][675]LogModuleManager: Shutting down and abandoning module BackChannel (284)
[2018.10.20-22.59.54:015][675]LogModuleManager: Shutting down and abandoning module AppleVision (282)
[2018.10.20-22.59.54:015][675]LogModuleManager: Shutting down and abandoning module AppleImageUtils (280)
[2018.10.20-22.59.54:015][675]LogModuleManager: Shutting down and abandoning module DatasmithContent (278)
[2018.10.20-22.59.54:016][675]LogModuleManager: Shutting down and abandoning module CryptoKeysOpenSSL (276)
[2018.10.20-22.59.54:016][675]LogModuleManager: Shutting down and abandoning module CryptoKeys (274)
[2018.10.20-22.59.54:016][675]LogModuleManager: Shutting down and abandoning module VisualStudioSourceCodeAccess (272)
[2018.10.20-22.59.54:016][675]LogModuleManager: Shutting down and abandoning module HotReload (271)
[2018.10.20-22.59.54:016][675]LogModuleManager: Shutting down and abandoning module DirectoryWatcher (270)
[2018.10.20-22.59.54:016][675]LogModuleManager: Shutting down and abandoning module VisualStudioCodeSourceCodeAccess (266)
[2018.10.20-22.59.54:016][675]LogModuleManager: Shutting down and abandoning module UObjectPlugin (264)
[2018.10.20-22.59.54:016][675]LogModuleManager: Shutting down and abandoning module SubversionSourceControl (262)
[2018.10.20-22.59.54:017][675]LogModuleManager: Shutting down and abandoning module PerforceSourceControl (260)
[2018.10.20-22.59.54:017][675]LogModuleManager: Shutting down and abandoning module SourceControl (259)
[2018.10.20-22.59.54:017][675]LogModuleManager: Shutting down and abandoning module CLionSourceCodeAccess (256)
[2018.10.20-22.59.54:017][675]LogModuleManager: Shutting down and abandoning module RuntimePhysXCooking (254)
[2018.10.20-22.59.54:017][675]LogModuleManager: Shutting down and abandoning module PhysXVehiclesEditor (252)
[2018.10.20-22.59.54:017][675]LogModuleManager: Shutting down and abandoning module PhysXVehicles (250)
[2018.10.20-22.59.54:017][675]LogModuleManager: Shutting down and abandoning module LocationServicesBPLibrary (248)
[2018.10.20-22.59.54:017][675]LogModuleManager: Shutting down and abandoning module ImmediatePhysicsEditor (246)
[2018.10.20-22.59.54:017][675]LogModuleManager: Shutting down and abandoning module ImmediatePhysics (244)
[2018.10.20-22.59.54:017][675]LogModuleManager: Shutting down and abandoning module ActorSequence (242)
[2018.10.20-22.59.54:017][675]LogModuleManager: Shutting down and abandoning module UdpMessaging (240)
[2018.10.20-22.59.54:017][675]LogModuleManager: Shutting down and abandoning module TcpMessaging (238)
[2018.10.20-22.59.54:017][675]LogModuleManager: Shutting down and abandoning module MagicLeapAudio (236)
[2018.10.20-22.59.54:017][675]LogModuleManager: Shutting down and abandoning module GameplayTagsEditor (234)
[2018.10.20-22.59.54:017][675]LogModuleManager: Shutting down and abandoning module FacialAnimation (232)
[2018.10.20-22.59.54:017][675]LogModuleManager: Shutting down and abandoning module DataValidation (230)
[2018.10.20-22.59.54:017][675]LogModuleManager: Shutting down and abandoning module AssetManagerEditor (228)
[2018.10.20-22.59.54:017][675]LogModuleManager: Shutting down and abandoning module TreeMap (227)
[2018.10.20-22.59.54:017][675]LogModuleManager: Shutting down and abandoning module LightPropagationVolumeRuntime (224)
[2018.10.20-22.59.54:017][675]LogModuleManager: Shutting down and abandoning module AISupportModule (222)
[2018.10.20-22.59.54:017][675]LogModuleManager: Shutting down and abandoning module Paper2D (220)
[2018.10.20-22.59.54:017][675]LogModuleManager: Shutting down and abandoning module PIEPreviewDeviceProfileSelector (218)
[2018.10.20-22.59.54:017][675]LogModuleManager: Shutting down and abandoning module WindowsMoviePlayer (216)
[2018.10.20-22.59.54:017][675]LogModuleManager: Shutting down and abandoning module WmfMedia (214)
[2018.10.20-22.59.54:019][675]LogModuleManager: Shutting down and abandoning module Media (213)
[2018.10.20-22.59.54:025][675]LogModuleManager: Shutting down and abandoning module PacketHandler (210)
[2018.10.20-22.59.54:025][675]LogModuleManager: Shutting down and abandoning module ClothingSystemEditor (208)
[2018.10.20-22.59.54:025][675]LogModuleManager: Shutting down and abandoning module ClothingSystemRuntime (206)
[2018.10.20-22.59.54:025][675]LogModuleManager: Shutting down and abandoning module MediaAssets (204)
[2018.10.20-22.59.54:025][675]LogModuleManager: Shutting down and abandoning module Overlay (202)
[2018.10.20-22.59.54:026][675]LogModuleManager: Shutting down and abandoning module OverlayEditor (201)
[2018.10.20-22.59.54:026][675]LogModuleManager: Shutting down and abandoning module VREditor (198)
[2018.10.20-22.59.54:026][675]LogModuleManager: Shutting down and abandoning module StringTableEditor (196)
[2018.10.20-22.59.54:026][675]LogModuleManager: Shutting down and abandoning module GameplayTasksEditor (194)
[2018.10.20-22.59.54:026][675]LogModuleManager: Shutting down and abandoning module BehaviorTreeEditor (192)
[2018.10.20-22.59.54:026][675]LogModuleManager: Shutting down and abandoning module FunctionalTesting (190)
[2018.10.20-22.59.54:026][675]LogModuleManager: Shutting down and abandoning module CollisionAnalyzer (188)
[2018.10.20-22.59.54:026][675]LogModuleManager: Shutting down and abandoning module WorkspaceMenuStructure (187)
[2018.10.20-22.59.54:026][675]LogModuleManager: Shutting down and abandoning module UMG (184)
[2018.10.20-22.59.54:026][675]LogModuleManager: Shutting down and abandoning module UMGEditor (183)
[2018.10.20-22.59.54:026][675]LogModuleManager: Shutting down and abandoning module Sequencer (182)
[2018.10.20-22.59.54:026][675]LogModuleManager: Shutting down and abandoning module MessageLog (179)
[2018.10.20-22.59.54:026][675]LogModuleManager: Shutting down and abandoning module SlateReflector (174)
[2018.10.20-22.59.54:026][675]LogModuleManager: Shutting down and abandoning module Slate (172)
[2018.10.20-22.59.54:026][675]LogModuleManager: Shutting down and abandoning module EditorStyle (170)
[2018.10.20-22.59.54:028][675]LogModuleManager: Shutting down and abandoning module MRMesh (168)
[2018.10.20-22.59.54:029][675]LogModuleManager: Shutting down and abandoning module Messaging (166)
[2018.10.20-22.59.54:029][675]LogModuleManager: Shutting down and abandoning module SourceCodeAccess (164)
[2018.10.20-22.59.54:029][675]LogModuleManager: Shutting down and abandoning module HeadMountedDisplay (162)
[2018.10.20-22.59.54:029][675]LogModuleManager: Shutting down and abandoning module XAudio2 (160)
[2018.10.20-22.59.54:029][675]LogModuleManager: Shutting down and abandoning module Networking (158)
[2018.10.20-22.59.54:029][675]LogModuleManager: Shutting down and abandoning module Core (156)
[2018.10.20-22.59.54:029][675]LogModuleManager: Shutting down and abandoning module LevelSequence (154)
[2018.10.20-22.59.54:029][675]LogModuleManager: Shutting down and abandoning module KismetCompiler (152)
[2018.10.20-22.59.54:029][675]LogModuleManager: Shutting down and abandoning module MeshUtilities (150)
[2018.10.20-22.59.54:029][675]LogModuleManager: Shutting down and abandoning module MeshMergeUtilities (149)
[2018.10.20-22.59.54:029][675]LogModuleManager: Shutting down and abandoning module MeshReductionInterface (148)
[2018.10.20-22.59.54:029][675]LogModuleManager: Shutting down and abandoning module SimplygonSwarm (147)
[2018.10.20-22.59.54:029][675]LogModuleManager: Shutting down and abandoning module ProxyLODMeshReduction (145)
[2018.10.20-22.59.54:029][675]LogModuleManager: Shutting down and abandoning module SimplygonMeshReduction (143)
[2018.10.20-22.59.54:029][675]LogModuleManager: Shutting down and abandoning module QuadricMeshReduction (141)
[2018.10.20-22.59.54:029][675]LogModuleManager: Shutting down and abandoning module MaterialBaking (137)
[2018.10.20-22.59.54:029][675]LogModuleManager: Shutting down and abandoning module DerivedDataCache (132)
[2018.10.20-22.59.54:337][675]LogDerivedDataCache: Shutdown
[2018.10.20-22.59.54:337][675]LogModuleManager: Shutting down and abandoning module XGEController (130)
[2018.10.20-22.59.54:338][675]LogModuleManager: Shutting down and abandoning module TargetPlatform (128)
[2018.10.20-22.59.54:338][675]LogModuleManager: Shutting down and abandoning module VulkanShaderFormat (127)
[2018.10.20-22.59.54:338][675]LogModuleManager: Shutting down and abandoning module ShaderFormatVectorVM (125)
[2018.10.20-22.59.54:338][675]LogModuleManager: Shutting down and abandoning module ShaderFormatOpenGL (123)
[2018.10.20-22.59.54:338][675]LogModuleManager: Shutting down and abandoning module ShaderFormatD3D (121)
[2018.10.20-22.59.54:338][675]LogModuleManager: Shutting down and abandoning module MetalShaderFormat (119)
[2018.10.20-22.59.54:338][675]LogModuleManager: Shutting down and abandoning module TextureFormatUncompressed (117)
[2018.10.20-22.59.54:338][675]LogModuleManager: Shutting down and abandoning module TextureFormatPVR (115)
[2018.10.20-22.59.54:338][675]LogModuleManager: Shutting down and abandoning module TextureFormatDXT (113)
[2018.10.20-22.59.54:338][675]LogModuleManager: Shutting down and abandoning module TextureFormatIntelISPCTexComp (111)
[2018.10.20-22.59.54:338][675]LogModuleManager: Shutting down and abandoning module TextureFormatASTC (109)
[2018.10.20-22.59.54:338][675]LogModuleManager: Shutting down and abandoning module ImageWrapper (108)
[2018.10.20-22.59.54:338][675]LogModuleManager: Shutting down and abandoning module TextureFormatAndroid (105)
[2018.10.20-22.59.54:338][675]LogModuleManager: Shutting down and abandoning module AudioFormatOpus (103)
[2018.10.20-22.59.54:338][675]LogModuleManager: Shutting down and abandoning module AudioFormatOgg (101)
[2018.10.20-22.59.54:338][675]LogModuleManager: Shutting down and abandoning module AudioFormatADPCM (99)
[2018.10.20-22.59.54:338][675]LogModuleManager: Shutting down and abandoning module WindowsTargetPlatform (97)
[2018.10.20-22.59.54:338][675]LogModuleManager: Shutting down and abandoning module WindowsServerTargetPlatform (95)
[2018.10.20-22.59.54:338][675]LogModuleManager: Shutting down and abandoning module WindowsNoEditorTargetPlatform (93)
[2018.10.20-22.59.54:338][675]LogModuleManager: Shutting down and abandoning module WindowsClientTargetPlatform (91)
[2018.10.20-22.59.54:338][675]LogModuleManager: Shutting down and abandoning module InputCore (88)
[2018.10.20-22.59.54:338][675]LogModuleManager: Shutting down and abandoning module Settings (86)
[2018.10.20-22.59.54:338][675]LogModuleManager: Shutting down and abandoning module PhysXCooking (84)
[2018.10.20-22.59.54:338][675]LogModuleManager: Shutting down and abandoning module SteamVR (82)
[2018.10.20-22.59.54:338][675]LogModuleManager: Shutting down and abandoning module OculusHMD (80)
[2018.10.20-22.59.54:338][675]LogModuleManager: Shutting down and abandoning module ExampleDeviceProfileSelector (78)
[2018.10.20-22.59.54:338][675]LogModuleManager: Shutting down and abandoning module LauncherChunkInstaller (76)
[2018.10.20-22.59.54:338][675]LogModuleManager: Shutting down and abandoning module OnlineBlueprintSupport (74)
[2018.10.20-22.59.54:338][675]LogModuleManager: Shutting down and abandoning module OnlineSubsystem (70)
[2018.10.20-22.59.54:339][675]LogModuleManager: Shutting down and abandoning module XMPP (65)
[2018.10.20-22.59.54:339][675]LogModuleManager: Shutting down and abandoning module WebSockets (64)
[2018.10.20-22.59.54:369][675]LogModuleManager: Shutting down and abandoning module HTTP (61)
[2018.10.20-22.59.54:373][675]LogModuleManager: Shutting down and abandoning module SSL (60)
[2018.10.20-22.59.54:374][675]LogModuleManager: Shutting down and abandoning module MagicLeapEmulator (56)
[2018.10.20-22.59.54:374][675]LogModuleManager: Shutting down and abandoning module MagicLeapPrivileges (54)
[2018.10.20-22.59.54:374][675]LogModuleManager: Shutting down and abandoning module MagicLeapIdentity (52)
[2018.10.20-22.59.54:374][675]LogModuleManager: Shutting down and abandoning module MagicLeapHelperVulkan (50)
[2018.10.20-22.59.54:374][675]LogModuleManager: Shutting down and abandoning module MagicLeapHelperOpenGL (48)
[2018.10.20-22.59.54:374][675]LogModuleManager: Shutting down and abandoning module MagicLeapSecureStorage (46)
[2018.10.20-22.59.54:374][675]LogModuleManager: Shutting down and abandoning module MagicLeapGestures (44)
[2018.10.20-22.59.54:375][675]LogModuleManager: Shutting down and abandoning module MagicLeapEyeTracker (42)
[2018.10.20-22.59.54:375][675]LogModuleManager: Shutting down and abandoning module MagicLeapController (40)
[2018.10.20-22.59.54:375][675]LogSlate: Slate User Destroyed.  User Index 0, Is Virtual User: 0
[2018.10.20-22.59.54:375][675]LogSlate: Slate User Destroyed.  User Index 8, Is Virtual User: 1
[2018.10.20-22.59.54:375][675]LogModuleManager: Shutting down and abandoning module MagicLeap (38)
[2018.10.20-22.59.54:375][675]LogModuleManager: Shutting down and abandoning module AnimationModifiers (36)
[2018.10.20-22.59.54:375][675]LogModuleManager: Shutting down and abandoning module PropertyEditor (35)
[2018.10.20-22.59.54:375][675]LogModuleManager: Shutting down and abandoning module AudioEditor (32)
[2018.10.20-22.59.54:375][675]LogModuleManager: Shutting down and abandoning module TextureCompressor (30)
[2018.10.20-22.59.54:375][675]LogModuleManager: Shutting down and abandoning module ShaderCore (28)
[2018.10.20-22.59.54:375][675]LogModuleManager: Shutting down and abandoning module Landscape (26)
[2018.10.20-22.59.54:375][675]LogModuleManager: Shutting down and abandoning module SlateRHIRenderer (24)
[2018.10.20-22.59.54:375][675]LogModuleManager: Shutting down and abandoning module OpenGLDrv (22)
[2018.10.20-22.59.54:375][675]LogModuleManager: Shutting down and abandoning module D3D11RHI (20)
[2018.10.20-22.59.54:375][675]LogModuleManager: Shutting down and abandoning module AnimGraphRuntime (18)
[2018.10.20-22.59.54:375][675]LogModuleManager: Shutting down and abandoning module Renderer (16)
[2018.10.20-22.59.54:375][675]LogModuleManager: Shutting down and abandoning module Engine (14)
[2018.10.20-22.59.54:375][675]LogModuleManager: Shutting down and abandoning module CoreUObject (12)
[2018.10.20-22.59.54:375][675]LogModuleManager: Shutting down and abandoning module NetworkFile (10)
[2018.10.20-22.59.54:375][675]LogModuleManager: Shutting down and abandoning module CookedIterativeFile (8)
[2018.10.20-22.59.54:375][675]LogModuleManager: Shutting down and abandoning module StreamingFile (6)
[2018.10.20-22.59.54:375][675]LogModuleManager: Shutting down and abandoning module SandboxFile (4)
[2018.10.20-22.59.54:376][675]LogModuleManager: Shutting down and abandoning module PakFile (2)
[2018.10.20-22.59.54:382][675]LogExit: Exiting.
[2018.10.20-22.59.54:389][675]Log file closed, 10/20/18 18:59:54
